Running: /opt/Xilinx/14.7/ISE_DS/ISE/bin/lin64/unwrapped/fuse -relaunch -intstyle "ise" -incremental -lib "secureip" -o "/home/ciro/vhdl/boolean2/boolean2_isim_beh.exe" -prj "/home/ciro/vhdl/boolean2/boolean2_beh.prj" "work.boolean2" 
ISim P.20131013 (signature 0xfbc00daa)
Number of CPUs detected in this system: 4
Turning on mult-threading, number of parallel sub-compilation jobs: 8 
Determining compilation order of HDL files
Parsing VHDL file "/home/ciro/vhdl/boolean2/boolean2.vhf" into library work
Starting static elaboration
Completed static elaboration
Fuse Memory Usage: 100616 KB
Fuse CPU Usage: 880 ms
Compiling package standard
Compiling package std_logic_1164
Compiling package numeric_std
Compiling package vcomponents
Compiling architecture and2_v of entity AND2 [and2_default]
Compiling architecture or2_v of entity OR2 [or2_default]
Compiling architecture behavioral of entity boolean2
Time Resolution for simulation is 1ps.
Waiting for 1 sub-compilation(s) to finish...
Compiled 9 VHDL Units
Built simulation executable /home/ciro/vhdl/boolean2/boolean2_isim_beh.exe
Fuse Memory Usage: 673640 KB
Fuse CPU Usage: 950 ms
GCC CPU Usage: 90 ms
