ISim log file
Running: /home/ciro/vhdl/boolean2/boolean2_isim_beh.exe -intstyle ise -gui -tclbatch isim.cmd -wdb /home/ciro/vhdl/boolean2/boolean2_isim_beh.wdb 
ISim P.20131013 (signature 0xfbc00daa)
WARNING: A WEBPACK license was found.
WARNING: Please use Xilinx License Configuration Manager to check out a full ISim license.
WARNING: ISim will run in Lite mode. Please refer to the ISim documentation for more information on the differences between the Lite and the Full version.
This is a Lite version of ISim.
Time resolution is 1 ps
# onerror resume
# wave add /
# run 1000 ns
Simulator is doing circuit initialization process.
Finished circuit initialization process.
# isim force add /boolean2/a 0 -radix bin -value 1 -radix bin -time 1 us -repeat 2 us -cancel 16 us
# isim force add /boolean2/b 0 -radix bin -value 1 -radix bin -time 2 us -repeat 4 us -cancel 16 us
# isim force add /boolean2/c 0 -radix bin -value 1 -radix bin -time 4 us -repeat 8 us -cancel 16 us
# isim force add /boolean2/d 0 -radix bin -value 1 -radix bin -time 8 us -repeat 16 us -cancel 16 us
# isim force add /boolean2/d 0 -radix bin -value 1 -radix bin -time 8 us -repeat 16 us -cancel 16 us
# run all
# run all
# run all
ISim P.20131013 (signature 0xfbc00daa)
WARNING: A WEBPACK license was found.
WARNING: Please use Xilinx License Configuration Manager to check out a full ISim license.
WARNING: ISim will run in Lite mode. Please refer to the ISim documentation for more information on the differences between the Lite and the Full version.
This is a Lite version of ISim.
# run 1000 ns
Simulator is doing circuit initialization process.
Finished circuit initialization process.
# isim force add /boolean2/a 0 -radix bin -value 1 -radix bin -time 1 us -repeat 2 us -cancel 16 us
# isim force add /boolean2/b 0 -radix bin -value 1 -radix bin -time 2 us -repeat 4 us -cancel 16 us
# isim force add /boolean2/c 0 -radix bin -value 1 -radix bin -time 4 us -repeat 8 us -cancel 16 us
# isim force add /boolean2/d 0 -radix bin -value 1 -radix bin -time 8 us -repeat 16 us -cancel 16 us
# isim force add /boolean2/d 0 -radix bin -value 1 -radix bin -time 8 us -repeat 16 us -cancel 16 us
# run all
# exit 0
