Command line:
   boolean1_isim_beh.exe
     -simmode  gui
     -simrunnum  0
     -socket  43623

Thu Nov 20 09:04:45 2025


 Elaboration Time: 0.02 sec

 Current Memory Usage: 193.634 Meg

 Total Signals          : 5
 Total Nets             : 5
 Total Signal Drivers   : 1
 Total Blocks           : 2
 Total Primitive Blocks : 2
 Total Processes        : 1
 Total Traceable Variables  : 8
 Total Scalar Nets and Variables : 365
Total Line Count : 1

 Total Simulation Time: 0.04 sec

 Current Memory Usage: 269.136 Meg

Thu Nov 20 09:06:27 2025

